Build started 08-Mar-2015 11:30:56 AM.
     1>Project "C:\projects\Model Rotator\SimpleModelLoaded\Room of wonders\Room of wonders.vcxproj" on node 2 (Build target(s)).
     1>ClCompile:
         C:\Program Files (x86)\Microsoft Visual Studio 12.0\VC\bin\CL.exe /c /ZI /nologo /W3 /WX- /Od /Oy- /D WIN32 /D _DEBUG /D _CONSOLE /D _UNICODE /D UNICODE /Gm /EHsc /RTC1 /MDd /GS /fp:precise /Zc:wchar_t /Zc:forScope /Fo"Debug\\" /Fd"Debug\vc120.pdb" /Gd /TP /analyze- /errorReport:prompt main.cpp objectLoader.cpp
         objectLoader.cpp
     1>c:\projects\model rotator\simplemodelloaded\room of wonders\header.h(10): warning C4091: 'extern ' : ignored on left of 'component' when no variable is declared
     1>c:\projects\model rotator\simplemodelloaded\room of wonders\objectloader.cpp(9): warning C4996: 'fscanf': This function or variable may be unsafe. Consider using fscanf_s instead. To disable deprecation, use _CRT_SECURE_NO_WARNINGS. See online help for details.
                 c:\program files (x86)\microsoft visual studio 12.0\vc\include\stdio.h(230) : see declaration of 'fscanf'
     1>c:\projects\model rotator\simplemodelloaded\room of wonders\objectloader.cpp(27): warning C4996: 'fscanf': This function or variable may be unsafe. Consider using fscanf_s instead. To disable deprecation, use _CRT_SECURE_NO_WARNINGS. See online help for details.
                 c:\program files (x86)\microsoft visual studio 12.0\vc\include\stdio.h(230) : see declaration of 'fscanf'
     1>c:\projects\model rotator\simplemodelloaded\room of wonders\objectloader.cpp(30): warning C4996: 'fscanf': This function or variable may be unsafe. Consider using fscanf_s instead. To disable deprecation, use _CRT_SECURE_NO_WARNINGS. See online help for details.
                 c:\program files (x86)\microsoft visual studio 12.0\vc\include\stdio.h(230) : see declaration of 'fscanf'
     1>c:\projects\model rotator\simplemodelloaded\room of wonders\objectloader.cpp(34): warning C4996: 'fscanf': This function or variable may be unsafe. Consider using fscanf_s instead. To disable deprecation, use _CRT_SECURE_NO_WARNINGS. See online help for details.
                 c:\program files (x86)\microsoft visual studio 12.0\vc\include\stdio.h(230) : see declaration of 'fscanf'
     1>c:\projects\model rotator\simplemodelloaded\room of wonders\objectloader.cpp(38): warning C4996: 'fscanf': This function or variable may be unsafe. Consider using fscanf_s instead. To disable deprecation, use _CRT_SECURE_NO_WARNINGS. See online help for details.
                 c:\program files (x86)\microsoft visual studio 12.0\vc\include\stdio.h(230) : see declaration of 'fscanf'
     1>c:\projects\model rotator\simplemodelloaded\room of wonders\objectloader.cpp(64): warning C4996: 'fscanf': This function or variable may be unsafe. Consider using fscanf_s instead. To disable deprecation, use _CRT_SECURE_NO_WARNINGS. See online help for details.
                 c:\program files (x86)\microsoft visual studio 12.0\vc\include\stdio.h(230) : see declaration of 'fscanf'
     1>c:\projects\model rotator\simplemodelloaded\room of wonders\objectloader.cpp(65): warning C4996: 'fscanf': This function or variable may be unsafe. Consider using fscanf_s instead. To disable deprecation, use _CRT_SECURE_NO_WARNINGS. See online help for details.
                 c:\program files (x86)\microsoft visual studio 12.0\vc\include\stdio.h(230) : see declaration of 'fscanf'
     1>c:\projects\model rotator\simplemodelloaded\room of wonders\objectloader.cpp(66): warning C4996: 'fscanf': This function or variable may be unsafe. Consider using fscanf_s instead. To disable deprecation, use _CRT_SECURE_NO_WARNINGS. See online help for details.
                 c:\program files (x86)\microsoft visual studio 12.0\vc\include\stdio.h(230) : see declaration of 'fscanf'
     1>c:\projects\model rotator\simplemodelloaded\room of wonders\objectloader.cpp(67): warning C4996: 'fscanf': This function or variable may be unsafe. Consider using fscanf_s instead. To disable deprecation, use _CRT_SECURE_NO_WARNINGS. See online help for details.
                 c:\program files (x86)\microsoft visual studio 12.0\vc\include\stdio.h(230) : see declaration of 'fscanf'
     1>c:\projects\model rotator\simplemodelloaded\room of wonders\objectloader.cpp(68): warning C4996: 'fscanf': This function or variable may be unsafe. Consider using fscanf_s instead. To disable deprecation, use _CRT_SECURE_NO_WARNINGS. See online help for details.
                 c:\program files (x86)\microsoft visual studio 12.0\vc\include\stdio.h(230) : see declaration of 'fscanf'
     1>c:\projects\model rotator\simplemodelloaded\room of wonders\objectloader.cpp(69): warning C4996: 'fscanf': This function or variable may be unsafe. Consider using fscanf_s instead. To disable deprecation, use _CRT_SECURE_NO_WARNINGS. See online help for details.
                 c:\program files (x86)\microsoft visual studio 12.0\vc\include\stdio.h(230) : see declaration of 'fscanf'
     1>c:\projects\model rotator\simplemodelloaded\room of wonders\objectloader.cpp(95): warning C4996: 'fscanf': This function or variable may be unsafe. Consider using fscanf_s instead. To disable deprecation, use _CRT_SECURE_NO_WARNINGS. See online help for details.
                 c:\program files (x86)\microsoft visual studio 12.0\vc\include\stdio.h(230) : see declaration of 'fscanf'
     1>c:\projects\model rotator\simplemodelloaded\room of wonders\objectloader.cpp(96): warning C4996: 'fscanf': This function or variable may be unsafe. Consider using fscanf_s instead. To disable deprecation, use _CRT_SECURE_NO_WARNINGS. See online help for details.
                 c:\program files (x86)\microsoft visual studio 12.0\vc\include\stdio.h(230) : see declaration of 'fscanf'
     1>c:\projects\model rotator\simplemodelloaded\room of wonders\objectloader.cpp(55): warning C4101: 'f_or_new' : unreferenced local variable
     1>c:\projects\model rotator\simplemodelloaded\room of wonders\objectloader.cpp(55): warning C4101: 'test' : unreferenced local variable
     1>c:\projects\model rotator\simplemodelloaded\room of wonders\objectloader.cpp(111): warning C4996: 'fscanf': This function or variable may be unsafe. Consider using fscanf_s instead. To disable deprecation, use _CRT_SECURE_NO_WARNINGS. See online help for details.
                 c:\program files (x86)\microsoft visual studio 12.0\vc\include\stdio.h(230) : see declaration of 'fscanf'
         main.cpp
     1>c:\projects\model rotator\simplemodelloaded\room of wonders\header.h(10): warning C4091: 'extern ' : ignored on left of 'component' when no variable is declared
     1>c:\projects\model rotator\simplemodelloaded\room of wonders\main.cpp(91): warning C4305: '=' : truncation from 'double' to 'GLfloat'
     1>c:\projects\model rotator\simplemodelloaded\room of wonders\main.cpp(189): warning C4996: 'fopen': This function or variable may be unsafe. Consider using fopen_s instead. To disable deprecation, use _CRT_SECURE_NO_WARNINGS. See online help for details.
                 c:\program files (x86)\microsoft visual studio 12.0\vc\include\stdio.h(211) : see declaration of 'fopen'
     1>c:\projects\model rotator\simplemodelloaded\room of wonders\main.cpp(207): warning C4305: 'argument' : truncation from 'double' to 'GLclampf'
     1>c:\projects\model rotator\simplemodelloaded\room of wonders\main.cpp(208): warning C4305: 'argument' : truncation from 'double' to 'float'
     1>c:\projects\model rotator\simplemodelloaded\room of wonders\main.cpp(218): warning C4101: 'total_ver' : unreferenced local variable
     1>c:\projects\model rotator\simplemodelloaded\room of wonders\main.cpp(276): warning C4244: 'argument' : conversion from 'int' to 'GLfloat', possible loss of data
     1>c:\projects\model rotator\simplemodelloaded\room of wonders\main.cpp(320): warning C4244: 'initializing' : conversion from 'double' to 'float', possible loss of data
     1>c:\projects\model rotator\simplemodelloaded\room of wonders\main.cpp(311): warning C4101: 'y' : unreferenced local variable
     1>c:\projects\model rotator\simplemodelloaded\room of wonders\main.cpp(311): warning C4101: 'x' : unreferenced local variable
     1>c:\projects\model rotator\simplemodelloaded\room of wonders\main.cpp(311): warning C4101: 'z' : unreferenced local variable
     1>c:\projects\model rotator\simplemodelloaded\room of wonders\main.cpp(365): warning C4244: 'initializing' : conversion from 'double' to 'float', possible loss of data
     1>c:\projects\model rotator\simplemodelloaded\room of wonders\main.cpp(345): warning C4101: 'rotnrender' : unreferenced local variable
     1>c:\projects\model rotator\simplemodelloaded\room of wonders\main.cpp(381): warning C4996: 'fopen': This function or variable may be unsafe. Consider using fopen_s instead. To disable deprecation, use _CRT_SECURE_NO_WARNINGS. See online help for details.
                 c:\program files (x86)\microsoft visual studio 12.0\vc\include\stdio.h(211) : see declaration of 'fopen'
     1>c:\projects\model rotator\simplemodelloaded\room of wonders\main.cpp(384): warning C4101: 'pitch' : unreferenced local variable
     1>c:\projects\model rotator\simplemodelloaded\room of wonders\main.cpp(384): warning C4101: 'roll' : unreferenced local variable
     1>c:\projects\model rotator\simplemodelloaded\room of wonders\main.cpp(384): warning C4101: 'yaw' : unreferenced local variable
     1>c:\projects\model rotator\simplemodelloaded\room of wonders\main.cpp(440): warning C4305: 'initializing' : truncation from 'double' to 'float'
     1>c:\projects\model rotator\simplemodelloaded\room of wonders\main.cpp(444): warning C4305: 'argument' : truncation from 'double' to 'float'
     1>c:\projects\model rotator\simplemodelloaded\room of wonders\main.cpp(455): warning C4305: 'argument' : truncation from 'double' to 'float'
     1>c:\projects\model rotator\simplemodelloaded\room of wonders\main.cpp(523): warning C4244: 'argument' : conversion from 'float' to 'int', possible loss of data
         Generating Code...
       Link:
         C:\Program Files (x86)\Microsoft Visual Studio 12.0\VC\bin\link.exe /ERRORREPORT:PROMPT /OUT:"C:\projects\Model Rotator\SimpleModelLoaded\Debug\Room of wonders.exe" /INCREMENTAL /NOLOGO Ws2_32.lib kernel32.lib user32.lib gdi32.lib winspool.lib comdlg32.lib advapi32.lib shell32.lib ole32.lib oleaut32.lib uuid.lib odbc32.lib odbccp32.lib /MANIFEST /MANIFESTUAC:"level='asInvoker' uiAccess='false'" /manifest:embed /DEBUG /PDB:"C:\projects\Model Rotator\SimpleModelLoaded\Debug\Room of wonders.pdb" /SUBSYSTEM:CONSOLE /TLBID:1 /DYNAMICBASE /NXCOMPAT /IMPLIB:"C:\projects\Model Rotator\SimpleModelLoaded\Debug\Room of wonders.lib" /MACHINE:X86 /SAFESEH Debug\main.obj
         Debug\objectLoader.obj
         "..\..\..\..\glut\SB5\freeglut-2.6.0\VisualStudio2008Static\Release\freeglut_static.lib"
         ..\..\..\..\glut\SB5\VisualStudio2008\GLTools\Release\gltools.lib
     1>main.obj : warning LNK4075: ignoring '/EDITANDCONTINUE' due to '/SAFESEH' specification
     1>LINK : warning LNK4098: defaultlib 'LIBCMT' conflicts with use of other libs; use /NODEFAULTLIB:library
     1>gltools.lib(GLBatch.obj) : warning LNK4099: PDB 'vc90.pdb' was not found with 'gltools.lib(GLBatch.obj)' or at 'C:\projects\Model Rotator\SimpleModelLoaded\Debug\vc90.pdb'; linking object as if no debug info
     1>gltools.lib(glew.obj) : warning LNK4099: PDB 'vc90.pdb' was not found with 'gltools.lib(glew.obj)' or at 'C:\projects\Model Rotator\SimpleModelLoaded\Debug\vc90.pdb'; linking object as if no debug info
     1>gltools.lib(GLTools.obj) : warning LNK4099: PDB 'vc90.pdb' was not found with 'gltools.lib(GLTools.obj)' or at 'C:\projects\Model Rotator\SimpleModelLoaded\Debug\vc90.pdb'; linking object as if no debug info
     1>gltools.lib(GLTriangleBatch.obj) : warning LNK4099: PDB 'vc90.pdb' was not found with 'gltools.lib(GLTriangleBatch.obj)' or at 'C:\projects\Model Rotator\SimpleModelLoaded\Debug\vc90.pdb'; linking object as if no debug info
     1>gltools.lib(math3d.obj) : warning LNK4099: PDB 'vc90.pdb' was not found with 'gltools.lib(math3d.obj)' or at 'C:\projects\Model Rotator\SimpleModelLoaded\Debug\vc90.pdb'; linking object as if no debug info
         Room of wonders.vcxproj -> C:\projects\Model Rotator\SimpleModelLoaded\Debug\Room of wonders.exe
     1>Done Building Project "C:\projects\Model Rotator\SimpleModelLoaded\Room of wonders\Room of wonders.vcxproj" (Build target(s)).

Build succeeded.

Time Elapsed 00:00:02.27
